ansible-playbook [core 2.11.6] 
  config file = /home/dc/ansible-zencash-nodes/ansible.cfg
  configured module search path = ['/home/dc/.ansible/plugins/modules', '/usr/share/ansible/plugins/modules']
  ansible python module location = /home/dc/.local/lib/python3.9/site-packages/ansible
  ansible collection location = /home/dc/.ansible/collections:/usr/share/ansible/collections
  executable location = /home/dc/.local/bin/ansible-playbook
  python version = 3.9.2 (default, Feb 28 2021, 17:03:44) [GCC 10.2.1 20210110]
  jinja version = 3.0.2
  libyaml = True
Using /home/dc/ansible-zencash-nodes/ansible.cfg as config file
Skipping callback 'default', as we already have a stdout callback.
Skipping callback 'minimal', as we already have a stdout callback.
Skipping callback 'oneline', as we already have a stdout callback.

PLAYBOOK: nodes.yml ************************************************************
2 plays in nodes.yml

PLAY [master] ******************************************************************

TASK [Gathering Facts] *********************************************************
task path: /home/dc/ansible-zencash-nodes/nodes.yml:2
ok: [master01]
META: ran handlers

TASK [master : include_tasks] **************************************************
task path: /home/dc/ansible-zencash-nodes/roles/master/tasks/main.yml:4
redirecting (type: modules) ansible.builtin.sysctl to ansible.posix.sysctl
included: /home/dc/ansible-zencash-nodes/roles/master/tasks/setup.yml for master01

TASK [master : Set hostname to 4jane-dev.local] ********************************
task path: /home/dc/ansible-zencash-nodes/roles/master/tasks/setup.yml:2
ok: [master01] => {"ansible_facts": {"ansible_domain": "local", "ansible_fqdn": "4jane-dev.local", "ansible_hostname": "4jane-dev", "ansible_nodename": "4jane-dev.local"}, "changed": false, "name": "4jane-dev.local"}

TASK [master : Add nodes-command and bash-completion] **************************
task path: /home/dc/ansible-zencash-nodes/roles/master/tasks/setup.yml:6
ok: [master01] => {"changed": false, "msg": ""}

TASK [master : Configure sysctl] ***********************************************
task path: /home/dc/ansible-zencash-nodes/roles/master/tasks/setup.yml:23
redirecting (type: modules) ansible.builtin.sysctl to ansible.posix.sysctl
ok: [master01] => (item={'name': 'vm.swappiness', 'value': 10}) => {"ansible_loop_var": "item", "changed": false, "item": {"name": "vm.swappiness", "value": 10}}
redirecting (type: modules) ansible.builtin.sysctl to ansible.posix.sysctl
ok: [master01] => (item={'name': 'net.ipv6.conf.all.proxy_ndp', 'value': 1}) => {"ansible_loop_var": "item", "changed": false, "item": {"name": "net.ipv6.conf.all.proxy_ndp", "value": 1}}
redirecting (type: modules) ansible.builtin.sysctl to ansible.posix.sysctl
ok: [master01] => (item={'name': 'net.ipv6.conf.all.forwarding', 'value': 1}) => {"ansible_loop_var": "item", "changed": false, "item": {"name": "net.ipv6.conf.all.forwarding", "value": 1}}
redirecting (type: modules) ansible.builtin.sysctl to ansible.posix.sysctl
ok: [master01] => (item={'name': 'net.ipv6.conf.default.forwarding', 'value': 1}) => {"ansible_loop_var": "item", "changed": false, "item": {"name": "net.ipv6.conf.default.forwarding", "value": 1}}
redirecting (type: modules) ansible.builtin.sysctl to ansible.posix.sysctl
ok: [master01] => (item={'name': 'net.ipv6.conf.default.proxy_ndp', 'value': 1}) => {"ansible_loop_var": "item", "changed": false, "item": {"name": "net.ipv6.conf.default.proxy_ndp", "value": 1}}
redirecting (type: modules) ansible.builtin.sysctl to ansible.posix.sysctl
ok: [master01] => (item={'name': 'fs.inotify.max_queued_events', 'value': 1048576}) => {"ansible_loop_var": "item", "changed": false, "item": {"name": "fs.inotify.max_queued_events", "value": 1048576}}
redirecting (type: modules) ansible.builtin.sysctl to ansible.posix.sysctl
ok: [master01] => (item={'name': 'fs.inotify.max_user_instances', 'value': 1048576}) => {"ansible_loop_var": "item", "changed": false, "item": {"name": "fs.inotify.max_user_instances", "value": 1048576}}
redirecting (type: modules) ansible.builtin.sysctl to ansible.posix.sysctl
ok: [master01] => (item={'name': 'fs.inotify.max_user_watches', 'value': 1048576}) => {"ansible_loop_var": "item", "changed": false, "item": {"name": "fs.inotify.max_user_watches", "value": 1048576}}
redirecting (type: modules) ansible.builtin.sysctl to ansible.posix.sysctl
ok: [master01] => (item={'name': 'vm.max_map_count', 'value': 262144}) => {"ansible_loop_var": "item", "changed": false, "item": {"name": "vm.max_map_count", "value": 262144}}
redirecting (type: modules) ansible.builtin.sysctl to ansible.posix.sysctl
ok: [master01] => (item={'name': 'kernel.dmesg_restrict', 'value': 1}) => {"ansible_loop_var": "item", "changed": false, "item": {"name": "kernel.dmesg_restrict", "value": 1}}
redirecting (type: modules) ansible.builtin.sysctl to ansible.posix.sysctl
ok: [master01] => (item={'name': 'kernel.unprivileged_userns_clone', 'value': 1}) => {"ansible_loop_var": "item", "changed": false, "item": {"name": "kernel.unprivileged_userns_clone", "value": 1}}

TASK [master : Download prerequisites] *****************************************
task path: /home/dc/ansible-zencash-nodes/roles/master/tasks/setup.yml:41
ok: [master01] => {"cache_update_time": 1634815630, "cache_updated": false, "changed": false}

TASK [master : Add additional ipv4 addresses to ens18] *************************
task path: /home/dc/ansible-zencash-nodes/roles/master/tasks/setup.yml:53
skipping: [master01] => {"changed": false, "skip_reason": "Conditional result was False"}

TASK [master : Add ips to in memory interfaces] ********************************
task path: /home/dc/ansible-zencash-nodes/roles/master/tasks/setup.yml:67
skipping: [master01] => {"changed": false, "skip_reason": "Conditional result was False"}

TASK [master : include_tasks] **************************************************
task path: /home/dc/ansible-zencash-nodes/roles/master/tasks/main.yml:6
redirecting (type: modules) ansible.builtin.ufw to community.general.ufw
redirecting (type: modules) ansible.builtin.ufw to community.general.ufw
redirecting (type: modules) ansible.builtin.ufw to community.general.ufw
redirecting (type: modules) ansible.builtin.ufw to community.general.ufw
included: /home/dc/ansible-zencash-nodes/roles/master/tasks/ufw.yml for master01

TASK [master : Set forwarding policy to accept on ufw] *************************
task path: /home/dc/ansible-zencash-nodes/roles/master/tasks/ufw.yml:2
ok: [master01] => {"backup": "", "changed": false, "msg": ""}

TASK [master : Add ipv4 forwarding rules for supernodes] ***********************
task path: /home/dc/ansible-zencash-nodes/roles/master/tasks/ufw.yml:8
ok: [master01] => {"changed": false, "msg": ""}

TASK [master : Allow ssh access] ***********************************************
task path: /home/dc/ansible-zencash-nodes/roles/master/tasks/ufw.yml:22
redirecting (type: modules) ansible.builtin.ufw to community.general.ufw
ok: [master01] => {"changed": false, "commands": ["/usr/sbin/ufw status verbose", "/bin/grep -h '^### tuple' /lib/ufw/user.rules /lib/ufw/user6.rules /etc/ufw/user.rules /etc/ufw/user6.rules /var/lib/ufw/user.rules /var/lib/ufw/user6.rules", "/usr/sbin/ufw --version", "/usr/sbin/ufw allow from any to any port 22", "/usr/sbin/ufw status verbose", "/bin/grep -h '^### tuple' /lib/ufw/user.rules /lib/ufw/user6.rules /etc/ufw/user.rules /etc/ufw/user6.rules /var/lib/ufw/user.rules /var/lib/ufw/user6.rules"], "msg": "Status: active\nLogging: on (low)\nDefault: deny (incoming), allow (outgoing), allow (routed)\nNew profiles: skip\n\nTo                         Action      From\n--                         ------      ----\n22                         ALLOW IN    Anywhere                  \n22 (v6)                    ALLOW IN    Anywhere (v6)             \nAnywhere (v6)              ALLOW IN    2601:281:8300:eb1b::1/112"}

TASK [master : Allow access to rsyslog from container's network] ***************
task path: /home/dc/ansible-zencash-nodes/roles/master/tasks/ufw.yml:27
redirecting (type: modules) ansible.builtin.ufw to community.general.ufw
ok: [master01] => {"changed": false, "commands": ["/usr/sbin/ufw status verbose", "/bin/grep -h '^### tuple' /lib/ufw/user.rules /lib/ufw/user6.rules /etc/ufw/user.rules /etc/ufw/user6.rules /var/lib/ufw/user.rules /var/lib/ufw/user6.rules", "/usr/sbin/ufw --version", "/usr/sbin/ufw allow from 2601:281:8300:eb1b:0000:0000:0000:1/112 to any", "/usr/sbin/ufw status verbose", "/bin/grep -h '^### tuple' /lib/ufw/user.rules /lib/ufw/user6.rules /etc/ufw/user.rules /etc/ufw/user6.rules /var/lib/ufw/user.rules /var/lib/ufw/user6.rules"], "msg": "Status: active\nLogging: on (low)\nDefault: deny (incoming), allow (outgoing), allow (routed)\nNew profiles: skip\n\nTo                         Action      From\n--                         ------      ----\n22                         ALLOW IN    Anywhere                  \n22 (v6)                    ALLOW IN    Anywhere (v6)             \nAnywhere (v6)              ALLOW IN    2601:281:8300:eb1b::1/112"}

TASK [master : Enable ufw logging] *********************************************
task path: /home/dc/ansible-zencash-nodes/roles/master/tasks/ufw.yml:32
redirecting (type: modules) ansible.builtin.ufw to community.general.ufw
ok: [master01] => {"changed": false, "commands": ["/usr/sbin/ufw status verbose", "/bin/grep -h '^### tuple' /lib/ufw/user.rules /lib/ufw/user6.rules /etc/ufw/user.rules /etc/ufw/user6.rules /var/lib/ufw/user.rules /var/lib/ufw/user6.rules", "/usr/sbin/ufw logging on", "/usr/sbin/ufw status verbose", "/bin/grep -h '^### tuple' /lib/ufw/user.rules /lib/ufw/user6.rules /etc/ufw/user.rules /etc/ufw/user6.rules /var/lib/ufw/user.rules /var/lib/ufw/user6.rules"], "msg": "Status: active\nLogging: on (low)\nDefault: deny (incoming), allow (outgoing), allow (routed)\nNew profiles: skip\n\nTo                         Action      From\n--                         ------      ----\n22                         ALLOW IN    Anywhere                  \n22 (v6)                    ALLOW IN    Anywhere (v6)             \nAnywhere (v6)              ALLOW IN    2601:281:8300:eb1b::1/112"}

TASK [master : Start and enable ufw and load rules] ****************************
task path: /home/dc/ansible-zencash-nodes/roles/master/tasks/ufw.yml:36
redirecting (type: modules) ansible.builtin.ufw to community.general.ufw
ok: [master01] => {"changed": false, "commands": ["/usr/sbin/ufw status verbose", "/bin/grep -h '^### tuple' /lib/ufw/user.rules /lib/ufw/user6.rules /etc/ufw/user.rules /etc/ufw/user6.rules /var/lib/ufw/user.rules /var/lib/ufw/user6.rules", "/usr/sbin/ufw -f enable", "/usr/sbin/ufw status verbose", "/bin/grep -h '^### tuple' /lib/ufw/user.rules /lib/ufw/user6.rules /etc/ufw/user.rules /etc/ufw/user6.rules /var/lib/ufw/user.rules /var/lib/ufw/user6.rules"], "msg": "Status: active\nLogging: on (low)\nDefault: deny (incoming), allow (outgoing), allow (routed)\nNew profiles: skip\n\nTo                         Action      From\n--                         ------      ----\n22                         ALLOW IN    Anywhere                  \n22 (v6)                    ALLOW IN    Anywhere (v6)             \nAnywhere (v6)              ALLOW IN    2601:281:8300:eb1b::1/112"}

TASK [master : Restart ufw] ****************************************************
task path: /home/dc/ansible-zencash-nodes/roles/master/tasks/ufw.yml:40
skipping: [master01] => {"changed": false, "skip_reason": "Conditional result was False"}

TASK [master : include_tasks] **************************************************
task path: /home/dc/ansible-zencash-nodes/roles/master/tasks/main.yml:8
included: /home/dc/ansible-zencash-nodes/roles/master/tasks/lxcbr0.yml for master01

TASK [master : Copy lxcbr0 service to enable ipv6 arp proxying] ****************
task path: /home/dc/ansible-zencash-nodes/roles/master/tasks/lxcbr0.yml:2
ok: [master01] => {"changed": false, "checksum": "4d12601ab7b53d6d3150800806a9592f34f71b34", "dest": "/etc/systemd/system/lxcbr0.service", "gid": 0, "group": "root", "mode": "0644", "owner": "root", "path": "/etc/systemd/system/lxcbr0.service", "size": 159, "state": "file", "uid": 0}

TASK [master : Template ndp proxy script] **************************************
task path: /home/dc/ansible-zencash-nodes/roles/master/tasks/lxcbr0.yml:7
ok: [master01] => {"changed": false, "checksum": "1f52030ba29229fe3f9a08fcc0060c63fcd15cba", "dest": "/etc/add-ndp-proxy.sh", "gid": 0, "group": "root", "mode": "0645", "owner": "root", "path": "/etc/add-ndp-proxy.sh", "size": 228, "state": "file", "uid": 0}

TASK [master : Start and enable lxcbr0 service] ********************************
task path: /home/dc/ansible-zencash-nodes/roles/master/tasks/lxcbr0.yml:13
ok: [master01] => {"changed": false, "enabled": true, "name": "lxcbr0", "state": "started", "status": {"ActiveEnterTimestamp": "Thu 2021-10-21 03:19:29 UTC", "ActiveEnterTimestampMonotonic": "709660317", "ActiveExitTimestampMonotonic": "0", "ActiveState": "active", "After": "systemd-journald.socket sysinit.target system.slice basic.target network.target", "AllowIsolate": "no", "AllowedCPUs": "", "AllowedMemoryNodes": "", "AmbientCapabilities": "", "AssertResult": "yes", "AssertTimestamp": "Thu 2021-10-21 03:19:29 UTC", "AssertTimestampMonotonic": "709497527", "Before": "multi-user.target shutdown.target", "BlockIOAccounting": "no", "BlockIOWeight": "[not set]", "CPUAccounting": "yes", "CPUAffinity": "", "CPUAffinityFromNUMA": "no", "CPUQuotaPerSecUSec": "infinity", "CPUQuotaPeriodUSec": "infinity", "CPUSchedulingPolicy": "0", "CPUSchedulingPriority": "0", "CPUSchedulingResetOnFork": "no", "CPUShares": "[not set]", "CPUUsageNSec": "0", "CPUWeight": "[not set]", "CacheDirectoryMode": "0755", "CanFreeze": "yes", "CanIsolate": "no", "CanReload": "no", "CanStart": "yes", "CanStop": "yes", "CapabilityBoundingSet": "cap_chown cap_dac_override cap_dac_read_search cap_fowner cap_fsetid cap_kill cap_setgid cap_setuid cap_setpcap cap_linux_immutable cap_net_bind_service cap_net_broadcast cap_net_admin cap_net_raw cap_ipc_lock cap_ipc_owner cap_sys_module cap_sys_rawio cap_sys_chroot cap_sys_ptrace cap_sys_pacct cap_sys_admin cap_sys_boot cap_sys_nice cap_sys_resource cap_sys_time cap_sys_tty_config cap_mknod cap_lease cap_audit_write cap_audit_control cap_setfcap cap_mac_override cap_mac_admin cap_syslog cap_wake_alarm cap_block_suspend cap_audit_read cap_perfmon cap_bpf cap_checkpoint_restore", "CleanResult": "success", "CollectMode": "inactive", "ConditionResult": "yes", "ConditionTimestamp": "Thu 2021-10-21 03:19:29 UTC", "ConditionTimestampMonotonic": "709497525", "ConfigurationDirectoryMode": "0755", "Conflicts": "shutdown.target", "ControlGroup": "/system.slice/lxcbr0.service", "ControlPID": "0", "CoredumpFilter": "0x33", "DefaultDependencies": "yes", "DefaultMemoryLow": "0", "DefaultMemoryMin": "0", "Delegate": "no", "Description": "Add", "DevicePolicy": "auto", "DynamicUser": "no", "EffectiveCPUs": "0-7", "EffectiveMemoryNodes": "0", "ExecMainCode": "1", "ExecMainExitTimestamp": "Thu 2021-10-21 03:19:29 UTC", "ExecMainExitTimestampMonotonic": "709660027", "ExecMainPID": "8668", "ExecMainStartTimestamp": "Thu 2021-10-21 03:19:29 UTC", "ExecMainStartTimestampMonotonic": "709498720", "ExecMainStatus": "0", "ExecStart": "{ path=/etc/add-ndp-proxy.sh ; argv[]=/etc/add-ndp-proxy.sh ; ignore_errors=no ; start_time=[n/a] ; stop_time=[n/a] ; pid=0 ; code=(null) ; status=0/0 }", "ExecStartEx": "{ path=/etc/add-ndp-proxy.sh ; argv[]=/etc/add-ndp-proxy.sh ; flags= ; start_time=[n/a] ; stop_time=[n/a] ; pid=0 ; code=(null) ; status=0/0 }", "FailureAction": "none", "FileDescriptorStoreMax": "0", "FinalKillSignal": "9", "FragmentPath": "/etc/systemd/system/lxcbr0.service", "FreezerState": "running", "GID": "[not set]", "GuessMainPID": "yes", "IOAccounting": "no", "IOReadBytes": "18446744073709551615", "IOReadOperations": "18446744073709551615", "IOSchedulingClass": "0", "IOSchedulingPriority": "0", "IOWeight": "[not set]", "IOWriteBytes": "18446744073709551615", "IOWriteOperations": "18446744073709551615", "IPAccounting": "no", "IPEgressBytes": "[no data]", "IPEgressPackets": "[no data]", "IPIngressBytes": "[no data]", "IPIngressPackets": "[no data]", "Id": "lxcbr0.service", "IgnoreOnIsolate": "no", "IgnoreSIGPIPE": "yes", "InactiveEnterTimestampMonotonic": "0", "InactiveExitTimestamp": "Thu 2021-10-21 03:19:29 UTC", "InactiveExitTimestampMonotonic": "709499022", "InvocationID": "fa71d81ecde445668a9dceaa0b3d440a", "JobRunningTimeoutUSec": "infinity", "JobTimeoutAction": "none", "JobTimeoutUSec": "infinity", "KeyringMode": "private", "KillMode": "control-group", "KillSignal": "15", "LimitAS": "infinity", "LimitASSoft": "infinity", "LimitCORE": "infinity", "LimitCORESoft": "0", "LimitCPU": "infinity", "LimitCPUSoft": "infinity", "LimitDATA": "infinity", "LimitDATASoft": "infinity", "LimitFSIZE": "infinity", "LimitFSIZESoft": "infinity", "LimitLOCKS": "infinity", "LimitLOCKSSoft": "infinity", "LimitMEMLOCK": "65536", "LimitMEMLOCKSoft": "65536", "LimitMSGQUEUE": "819200", "LimitMSGQUEUESoft": "819200", "LimitNICE": "0", "LimitNICESoft": "0", "LimitNOFILE": "524288", "LimitNOFILESoft": "1024", "LimitNPROC": "63904", "LimitNPROCSoft": "63904", "LimitRSS": "infinity", "LimitRSSSoft": "infinity", "LimitRTPRIO": "0", "LimitRTPRIOSoft": "0", "LimitRTTIME": "infinity", "LimitRTTIMESoft": "infinity", "LimitSIGPENDING": "63904", "LimitSIGPENDINGSoft": "63904", "LimitSTACK": "infinity", "LimitSTACKSoft": "8388608", "LoadState": "loaded", "LockPersonality": "no", "LogLevelMax": "-1", "LogRateLimitBurst": "0", "LogRateLimitIntervalUSec": "0", "LogsDirectoryMode": "0755", "MainPID": "0", "ManagedOOMMemoryPressure": "auto", "ManagedOOMMemoryPressureLimitPercent": "0%", "ManagedOOMSwap": "auto", "MemoryAccounting": "yes", "MemoryCurrent": "0", "MemoryDenyWriteExecute": "no", "MemoryHigh": "infinity", "MemoryLimit": "infinity", "MemoryLow": "0", "MemoryMax": "infinity", "MemoryMin": "0", "MemorySwapMax": "infinity", "MountAPIVFS": "no", "MountFlags": "", "NFileDescriptorStore": "0", "NRestarts": "0", "NUMAMask": "", "NUMAPolicy": "n/a", "Names": "lxcbr0.service", "NeedDaemonReload": "no", "Nice": "0", "NoNewPrivileges": "no", "NonBlocking": "no", "NotifyAccess": "none", "OOMPolicy": "stop", "OOMScoreAdjust": "0", "OnFailureJobMode": "replace", "Perpetual": "no", "PrivateDevices": "no", "PrivateMounts": "no", "PrivateNetwork": "no", "PrivateTmp": "no", "PrivateUsers": "no", "ProcSubset": "all", "ProtectClock": "no", "ProtectControlGroups": "no", "ProtectHome": "no", "ProtectHostname": "no", "ProtectKernelLogs": "no", "ProtectKernelModules": "no", "ProtectKernelTunables": "no", "ProtectProc": "default", "ProtectSystem": "no", "RefuseManualStart": "no", "RefuseManualStop": "no", "ReloadResult": "success", "RemainAfterExit": "yes", "RemoveIPC": "no", "Requires": "sysinit.target system.slice", "Restart": "no", "RestartKillSignal": "15", "RestartUSec": "100ms", "RestrictNamespaces": "no", "RestrictRealtime": "no", "RestrictSUIDSGID": "no", "Result": "success", "RootDirectoryStartOnly": "no", "RootHashSignature": "", "RuntimeDirectoryMode": "0755", "RuntimeDirectoryPreserve": "no", "RuntimeMaxUSec": "infinity", "SameProcessGroup": "no", "SecureBits": "0", "SendSIGHUP": "no", "SendSIGKILL": "yes", "Slice": "system.slice", "StandardError": "inherit", "StandardInput": "null", "StandardInputData": "", "StandardOutput": "journal", "StartLimitAction": "none", "StartLimitBurst": "5", "StartLimitIntervalUSec": "10s", "StartupBlockIOWeight": "[not set]", "StartupCPUShares": "[not set]", "StartupCPUWeight": "[not set]", "StartupIOWeight": "[not set]", "StateChangeTimestamp": "Thu 2021-10-21 03:19:29 UTC", "StateChangeTimestampMonotonic": "709660317", "StateDirectoryMode": "0755", "StatusErrno": "0", "StopWhenUnneeded": "no", "SubState": "exited", "SuccessAction": "none", "SyslogFacility": "3", "SyslogLevel": "6", "SyslogLevelPrefix": "yes", "SyslogPriority": "30", "SystemCallErrorNumber": "2147483646", "TTYReset": "no", "TTYVHangup": "no", "TTYVTDisallocate": "no", "TasksAccounting": "yes", "TasksCurrent": "0", "TasksMax": "19171", "TimeoutAbortUSec": "1min 30s", "TimeoutCleanUSec": "infinity", "TimeoutStartFailureMode": "terminate", "TimeoutStartUSec": "infinity", "TimeoutStopFailureMode": "terminate", "TimeoutStopUSec": "1min 30s", "TimerSlackNSec": "50000", "Transient": "no", "Type": "oneshot", "UID": "[not set]", "UMask": "0022", "UnitFilePreset": "enabled", "UnitFileState": "enabled", "UtmpMode": "init", "WantedBy": "multi-user.target", "WatchdogSignal": "6", "WatchdogTimestampMonotonic": "0", "WatchdogUSec": "0"}}

TASK [master : include_tasks] **************************************************
task path: /home/dc/ansible-zencash-nodes/roles/master/tasks/main.yml:10
included: /home/dc/ansible-zencash-nodes/roles/master/tasks/ssh.yml for master01

TASK [master : Disable root login] *********************************************
task path: /home/dc/ansible-zencash-nodes/roles/master/tasks/ssh.yml:2
ok: [master01] => {"backup": "", "changed": false, "found": 0, "msg": ""}

TASK [master : Disable root login] *********************************************
task path: /home/dc/ansible-zencash-nodes/roles/master/tasks/ssh.yml:9
ok: [master01] => {"backup": "", "changed": false, "found": 0, "msg": ""}

TASK [master : Disable password auth] ******************************************
task path: /home/dc/ansible-zencash-nodes/roles/master/tasks/ssh.yml:16
ok: [master01] => {"backup": "", "changed": false, "msg": ""}

TASK [master : Restart ssh server] *********************************************
task path: /home/dc/ansible-zencash-nodes/roles/master/tasks/ssh.yml:22
skipping: [master01] => {"changed": false, "skip_reason": "Conditional result was False"}

TASK [master : include_tasks] **************************************************
task path: /home/dc/ansible-zencash-nodes/roles/master/tasks/main.yml:12
included: /home/dc/ansible-zencash-nodes/roles/master/tasks/rsyslog.yml for master01

TASK [master : Enable tcp for rsyslog] *****************************************
task path: /home/dc/ansible-zencash-nodes/roles/master/tasks/rsyslog.yml:2
ok: [master01] => {"changed": false, "msg": ""}

TASK [master : Restart rsyslog] ************************************************
task path: /home/dc/ansible-zencash-nodes/roles/master/tasks/rsyslog.yml:10
skipping: [master01] => {"changed": false, "skip_reason": "Conditional result was False"}

TASK [master : include_tasks] **************************************************
task path: /home/dc/ansible-zencash-nodes/roles/master/tasks/main.yml:14
redirecting (type: modules) ansible.builtin.lxc_container to community.general.lxc_container
included: /home/dc/ansible-zencash-nodes/roles/master/tasks/lxc.yml for master01

TASK [master : Define secure and super nodes] **********************************
task path: /home/dc/ansible-zencash-nodes/roles/master/tasks/lxc.yml:2
ok: [master01] => {"ansible_facts": {"nodes": ["secnode29", "supnode01"]}, "changed": false}

TASK [master : Define secure nodes] ********************************************
task path: /home/dc/ansible-zencash-nodes/roles/master/tasks/lxc.yml:7
skipping: [master01] => {"changed": false, "skip_reason": "Conditional result was False"}

TASK [master : Define supernodes] **********************************************
task path: /home/dc/ansible-zencash-nodes/roles/master/tasks/lxc.yml:12
skipping: [master01] => {"changed": false, "skip_reason": "Conditional result was False"}

TASK [master : Configure ipv4 static addresses for supernodes] *****************
task path: /home/dc/ansible-zencash-nodes/roles/master/tasks/lxc.yml:17
ok: [master01] => (item=supnode01) => {"ansible_loop_var": "item", "backup": "", "changed": false, "item": "supnode01", "msg": ""}

TASK [master : Enable static lxc addresses] ************************************
task path: /home/dc/ansible-zencash-nodes/roles/master/tasks/lxc.yml:26
ok: [master01] => {"backup": "", "changed": false, "msg": ""}

TASK [master : Restart lxc-net] ************************************************
task path: /home/dc/ansible-zencash-nodes/roles/master/tasks/lxc.yml:33
skipping: [master01] => {"changed": false, "skip_reason": "Conditional result was False"}

TASK [master : Restablish lxcbr0 arp entries & ipv6 address] *******************
task path: /home/dc/ansible-zencash-nodes/roles/master/tasks/lxc.yml:39
skipping: [master01] => {"changed": false, "skip_reason": "Conditional result was False"}

TASK [master : Check if containers are configured] *****************************
task path: /home/dc/ansible-zencash-nodes/roles/master/tasks/lxc.yml:43
ok: [master01] => (item=secnode29) => {"ansible_loop_var": "item", "changed": false, "item": "secnode29", "stat": {"atime": 1634817861.1496394, "attr_flags": "e", "attributes": ["extents"], "block_size": 4096, "blocks": 0, "charset": "binary", "checksum": "da39a3ee5e6b4b0d3255bfef95601890afd80709", "ctime": 1634817709.6369188, "dev": 2049, "device_type": 0, "executable": false, "exists": true, "gid": 0, "gr_name": "root", "inode": 662992, "isblk": false, "ischr": false, "isdir": false, "isfifo": false, "isgid": false, "islnk": false, "isreg": true, "issock": false, "isuid": false, "mimetype": "inode/x-empty", "mode": "0644", "mtime": 1634817709.6369188, "nlink": 1, "path": "/var/lib/lxc/sec29.4jane-dev.local/.configured", "pw_name": "root", "readable": true, "rgrp": true, "roth": true, "rusr": true, "size": 0, "uid": 0, "version": "2812656824", "wgrp": false, "woth": false, "writeable": true, "wusr": true, "xgrp": false, "xoth": false, "xusr": false}}
ok: [master01] => (item=supnode01) => {"ansible_loop_var": "item", "changed": false, "item": "supnode01", "stat": {"atime": 1634817861.4216406, "attr_flags": "e", "attributes": ["extents"], "block_size": 4096, "blocks": 0, "charset": "binary", "checksum": "da39a3ee5e6b4b0d3255bfef95601890afd80709", "ctime": 1634817709.92492, "dev": 2049, "device_type": 0, "executable": false, "exists": true, "gid": 0, "gr_name": "root", "inode": 664440, "isblk": false, "ischr": false, "isdir": false, "isfifo": false, "isgid": false, "islnk": false, "isreg": true, "issock": false, "isuid": false, "mimetype": "inode/x-empty", "mode": "0644", "mtime": 1634817709.92492, "nlink": 1, "path": "/var/lib/lxc/sup01.4jane-dev.local/.configured", "pw_name": "root", "readable": true, "rgrp": true, "roth": true, "rusr": true, "size": 0, "uid": 0, "version": "1186419840", "wgrp": false, "woth": false, "writeable": true, "wusr": true, "xgrp": false, "xoth": false, "xusr": false}}

TASK [master : Create containers] **********************************************
task path: /home/dc/ansible-zencash-nodes/roles/master/tasks/lxc.yml:49
skipping: [master01] => (item={'changed': False, 'stat': {'exists': True, 'path': '/var/lib/lxc/sec29.4jane-dev.local/.configured', 'mode': '0644', 'isdir': False, 'ischr': False, 'isblk': False, 'isreg': True, 'isfifo': False, 'islnk': False, 'issock': False, 'uid': 0, 'gid': 0, 'size': 0, 'inode': 662992, 'dev': 2049, 'nlink': 1, 'atime': 1634817861.1496394, 'mtime': 1634817709.6369188, 'ctime': 1634817709.6369188, 'wusr': True, 'rusr': True, 'xusr': False, 'wgrp': False, 'rgrp': True, 'xgrp': False, 'woth': False, 'roth': True, 'xoth': False, 'isuid': False, 'isgid': False, 'blocks': 0, 'block_size': 4096, 'device_type': 0, 'readable': True, 'writeable': True, 'executable': False, 'pw_name': 'root', 'gr_name': 'root', 'checksum': 'da39a3ee5e6b4b0d3255bfef95601890afd80709', 'mimetype': 'inode/x-empty', 'charset': 'binary', 'version': '2812656824', 'attributes': ['extents'], 'attr_flags': 'e'}, 'invocation': {'module_args': {'path': '/var/lib/lxc/sec29.4jane-dev.local/.configured', 'follow': False, 'get_md5': False, 'get_checksum': True, 'get_mime': True, 'get_attributes': True, 'checksum_algorithm': 'sha1'}}, 'failed': False, 'item': 'secnode29', 'ansible_loop_var': 'item'})  => {"ansible_loop_var": "item", "changed": false, "item": {"ansible_loop_var": "item", "changed": false, "failed": false, "invocation": {"module_args": {"checksum_algorithm": "sha1", "follow": false, "get_attributes": true, "get_checksum": true, "get_md5": false, "get_mime": true, "path": "/var/lib/lxc/sec29.4jane-dev.local/.configured"}}, "item": "secnode29", "stat": {"atime": 1634817861.1496394, "attr_flags": "e", "attributes": ["extents"], "block_size": 4096, "blocks": 0, "charset": "binary", "checksum": "da39a3ee5e6b4b0d3255bfef95601890afd80709", "ctime": 1634817709.6369188, "dev": 2049, "device_type": 0, "executable": false, "exists": true, "gid": 0, "gr_name": "root", "inode": 662992, "isblk": false, "ischr": false, "isdir": false, "isfifo": false, "isgid": false, "islnk": false, "isreg": true, "issock": false, "isuid": false, "mimetype": "inode/x-empty", "mode": "0644", "mtime": 1634817709.6369188, "nlink": 1, "path": "/var/lib/lxc/sec29.4jane-dev.local/.configured", "pw_name": "root", "readable": true, "rgrp": true, "roth": true, "rusr": true, "size": 0, "uid": 0, "version": "2812656824", "wgrp": false, "woth": false, "writeable": true, "wusr": true, "xgrp": false, "xoth": false, "xusr": false}}, "skip_reason": "Conditional result was False"}
skipping: [master01] => (item={'changed': False, 'stat': {'exists': True, 'path': '/var/lib/lxc/sup01.4jane-dev.local/.configured', 'mode': '0644', 'isdir': False, 'ischr': False, 'isblk': False, 'isreg': True, 'isfifo': False, 'islnk': False, 'issock': False, 'uid': 0, 'gid': 0, 'size': 0, 'inode': 664440, 'dev': 2049, 'nlink': 1, 'atime': 1634817861.4216406, 'mtime': 1634817709.92492, 'ctime': 1634817709.92492, 'wusr': True, 'rusr': True, 'xusr': False, 'wgrp': False, 'rgrp': True, 'xgrp': False, 'woth': False, 'roth': True, 'xoth': False, 'isuid': False, 'isgid': False, 'blocks': 0, 'block_size': 4096, 'device_type': 0, 'readable': True, 'writeable': True, 'executable': False, 'pw_name': 'root', 'gr_name': 'root', 'checksum': 'da39a3ee5e6b4b0d3255bfef95601890afd80709', 'mimetype': 'inode/x-empty', 'charset': 'binary', 'version': '1186419840', 'attributes': ['extents'], 'attr_flags': 'e'}, 'invocation': {'module_args': {'path': '/var/lib/lxc/sup01.4jane-dev.local/.configured', 'follow': False, 'get_md5': False, 'get_checksum': True, 'get_mime': True, 'get_attributes': True, 'checksum_algorithm': 'sha1'}}, 'failed': False, 'item': 'supnode01', 'ansible_loop_var': 'item'})  => {"ansible_loop_var": "item", "changed": false, "item": {"ansible_loop_var": "item", "changed": false, "failed": false, "invocation": {"module_args": {"checksum_algorithm": "sha1", "follow": false, "get_attributes": true, "get_checksum": true, "get_md5": false, "get_mime": true, "path": "/var/lib/lxc/sup01.4jane-dev.local/.configured"}}, "item": "supnode01", "stat": {"atime": 1634817861.4216406, "attr_flags": "e", "attributes": ["extents"], "block_size": 4096, "blocks": 0, "charset": "binary", "checksum": "da39a3ee5e6b4b0d3255bfef95601890afd80709", "ctime": 1634817709.92492, "dev": 2049, "device_type": 0, "executable": false, "exists": true, "gid": 0, "gr_name": "root", "inode": 664440, "isblk": false, "ischr": false, "isdir": false, "isfifo": false, "isgid": false, "islnk": false, "isreg": true, "issock": false, "isuid": false, "mimetype": "inode/x-empty", "mode": "0644", "mtime": 1634817709.92492, "nlink": 1, "path": "/var/lib/lxc/sup01.4jane-dev.local/.configured", "pw_name": "root", "readable": true, "rgrp": true, "roth": true, "rusr": true, "size": 0, "uid": 0, "version": "1186419840", "wgrp": false, "woth": false, "writeable": true, "wusr": true, "xgrp": false, "xoth": false, "xusr": false}}, "skip_reason": "Conditional result was False"}

TASK [master : Create container's configuration check file] ********************
task path: /home/dc/ansible-zencash-nodes/roles/master/tasks/lxc.yml:84
skipping: [master01] => (item={'changed': False, 'stat': {'exists': True, 'path': '/var/lib/lxc/sec29.4jane-dev.local/.configured', 'mode': '0644', 'isdir': False, 'ischr': False, 'isblk': False, 'isreg': True, 'isfifo': False, 'islnk': False, 'issock': False, 'uid': 0, 'gid': 0, 'size': 0, 'inode': 662992, 'dev': 2049, 'nlink': 1, 'atime': 1634817861.1496394, 'mtime': 1634817709.6369188, 'ctime': 1634817709.6369188, 'wusr': True, 'rusr': True, 'xusr': False, 'wgrp': False, 'rgrp': True, 'xgrp': False, 'woth': False, 'roth': True, 'xoth': False, 'isuid': False, 'isgid': False, 'blocks': 0, 'block_size': 4096, 'device_type': 0, 'readable': True, 'writeable': True, 'executable': False, 'pw_name': 'root', 'gr_name': 'root', 'checksum': 'da39a3ee5e6b4b0d3255bfef95601890afd80709', 'mimetype': 'inode/x-empty', 'charset': 'binary', 'version': '2812656824', 'attributes': ['extents'], 'attr_flags': 'e'}, 'invocation': {'module_args': {'path': '/var/lib/lxc/sec29.4jane-dev.local/.configured', 'follow': False, 'get_md5': False, 'get_checksum': True, 'get_mime': True, 'get_attributes': True, 'checksum_algorithm': 'sha1'}}, 'failed': False, 'item': 'secnode29', 'ansible_loop_var': 'item'})  => {"ansible_loop_var": "item", "changed": false, "item": {"ansible_loop_var": "item", "changed": false, "failed": false, "invocation": {"module_args": {"checksum_algorithm": "sha1", "follow": false, "get_attributes": true, "get_checksum": true, "get_md5": false, "get_mime": true, "path": "/var/lib/lxc/sec29.4jane-dev.local/.configured"}}, "item": "secnode29", "stat": {"atime": 1634817861.1496394, "attr_flags": "e", "attributes": ["extents"], "block_size": 4096, "blocks": 0, "charset": "binary", "checksum": "da39a3ee5e6b4b0d3255bfef95601890afd80709", "ctime": 1634817709.6369188, "dev": 2049, "device_type": 0, "executable": false, "exists": true, "gid": 0, "gr_name": "root", "inode": 662992, "isblk": false, "ischr": false, "isdir": false, "isfifo": false, "isgid": false, "islnk": false, "isreg": true, "issock": false, "isuid": false, "mimetype": "inode/x-empty", "mode": "0644", "mtime": 1634817709.6369188, "nlink": 1, "path": "/var/lib/lxc/sec29.4jane-dev.local/.configured", "pw_name": "root", "readable": true, "rgrp": true, "roth": true, "rusr": true, "size": 0, "uid": 0, "version": "2812656824", "wgrp": false, "woth": false, "writeable": true, "wusr": true, "xgrp": false, "xoth": false, "xusr": false}}, "skip_reason": "Conditional result was False"}
skipping: [master01] => (item={'changed': False, 'stat': {'exists': True, 'path': '/var/lib/lxc/sup01.4jane-dev.local/.configured', 'mode': '0644', 'isdir': False, 'ischr': False, 'isblk': False, 'isreg': True, 'isfifo': False, 'islnk': False, 'issock': False, 'uid': 0, 'gid': 0, 'size': 0, 'inode': 664440, 'dev': 2049, 'nlink': 1, 'atime': 1634817861.4216406, 'mtime': 1634817709.92492, 'ctime': 1634817709.92492, 'wusr': True, 'rusr': True, 'xusr': False, 'wgrp': False, 'rgrp': True, 'xgrp': False, 'woth': False, 'roth': True, 'xoth': False, 'isuid': False, 'isgid': False, 'blocks': 0, 'block_size': 4096, 'device_type': 0, 'readable': True, 'writeable': True, 'executable': False, 'pw_name': 'root', 'gr_name': 'root', 'checksum': 'da39a3ee5e6b4b0d3255bfef95601890afd80709', 'mimetype': 'inode/x-empty', 'charset': 'binary', 'version': '1186419840', 'attributes': ['extents'], 'attr_flags': 'e'}, 'invocation': {'module_args': {'path': '/var/lib/lxc/sup01.4jane-dev.local/.configured', 'follow': False, 'get_md5': False, 'get_checksum': True, 'get_mime': True, 'get_attributes': True, 'checksum_algorithm': 'sha1'}}, 'failed': False, 'item': 'supnode01', 'ansible_loop_var': 'item'})  => {"ansible_loop_var": "item", "changed": false, "item": {"ansible_loop_var": "item", "changed": false, "failed": false, "invocation": {"module_args": {"checksum_algorithm": "sha1", "follow": false, "get_attributes": true, "get_checksum": true, "get_md5": false, "get_mime": true, "path": "/var/lib/lxc/sup01.4jane-dev.local/.configured"}}, "item": "supnode01", "stat": {"atime": 1634817861.4216406, "attr_flags": "e", "attributes": ["extents"], "block_size": 4096, "blocks": 0, "charset": "binary", "checksum": "da39a3ee5e6b4b0d3255bfef95601890afd80709", "ctime": 1634817709.92492, "dev": 2049, "device_type": 0, "executable": false, "exists": true, "gid": 0, "gr_name": "root", "inode": 664440, "isblk": false, "ischr": false, "isdir": false, "isfifo": false, "isgid": false, "islnk": false, "isreg": true, "issock": false, "isuid": false, "mimetype": "inode/x-empty", "mode": "0644", "mtime": 1634817709.92492, "nlink": 1, "path": "/var/lib/lxc/sup01.4jane-dev.local/.configured", "pw_name": "root", "readable": true, "rgrp": true, "roth": true, "rusr": true, "size": 0, "uid": 0, "version": "1186419840", "wgrp": false, "woth": false, "writeable": true, "wusr": true, "xgrp": false, "xoth": false, "xusr": false}}, "skip_reason": "Conditional result was False"}

TASK [master : Configure autostart for containers] *****************************
task path: /home/dc/ansible-zencash-nodes/roles/master/tasks/lxc.yml:91
ok: [master01] => (item={'changed': False, 'stat': {'exists': True, 'path': '/var/lib/lxc/sec29.4jane-dev.local/.configured', 'mode': '0644', 'isdir': False, 'ischr': False, 'isblk': False, 'isreg': True, 'isfifo': False, 'islnk': False, 'issock': False, 'uid': 0, 'gid': 0, 'size': 0, 'inode': 662992, 'dev': 2049, 'nlink': 1, 'atime': 1634817861.1496394, 'mtime': 1634817709.6369188, 'ctime': 1634817709.6369188, 'wusr': True, 'rusr': True, 'xusr': False, 'wgrp': False, 'rgrp': True, 'xgrp': False, 'woth': False, 'roth': True, 'xoth': False, 'isuid': False, 'isgid': False, 'blocks': 0, 'block_size': 4096, 'device_type': 0, 'readable': True, 'writeable': True, 'executable': False, 'pw_name': 'root', 'gr_name': 'root', 'checksum': 'da39a3ee5e6b4b0d3255bfef95601890afd80709', 'mimetype': 'inode/x-empty', 'charset': 'binary', 'version': '2812656824', 'attributes': ['extents'], 'attr_flags': 'e'}, 'invocation': {'module_args': {'path': '/var/lib/lxc/sec29.4jane-dev.local/.configured', 'follow': False, 'get_md5': False, 'get_checksum': True, 'get_mime': True, 'get_attributes': True, 'checksum_algorithm': 'sha1'}}, 'failed': False, 'item': 'secnode29', 'ansible_loop_var': 'item'}) => {"ansible_loop_var": "item", "backup": "", "changed": false, "item": {"ansible_loop_var": "item", "changed": false, "failed": false, "invocation": {"module_args": {"checksum_algorithm": "sha1", "follow": false, "get_attributes": true, "get_checksum": true, "get_md5": false, "get_mime": true, "path": "/var/lib/lxc/sec29.4jane-dev.local/.configured"}}, "item": "secnode29", "stat": {"atime": 1634817861.1496394, "attr_flags": "e", "attributes": ["extents"], "block_size": 4096, "blocks": 0, "charset": "binary", "checksum": "da39a3ee5e6b4b0d3255bfef95601890afd80709", "ctime": 1634817709.6369188, "dev": 2049, "device_type": 0, "executable": false, "exists": true, "gid": 0, "gr_name": "root", "inode": 662992, "isblk": false, "ischr": false, "isdir": false, "isfifo": false, "isgid": false, "islnk": false, "isreg": true, "issock": false, "isuid": false, "mimetype": "inode/x-empty", "mode": "0644", "mtime": 1634817709.6369188, "nlink": 1, "path": "/var/lib/lxc/sec29.4jane-dev.local/.configured", "pw_name": "root", "readable": true, "rgrp": true, "roth": true, "rusr": true, "size": 0, "uid": 0, "version": "2812656824", "wgrp": false, "woth": false, "writeable": true, "wusr": true, "xgrp": false, "xoth": false, "xusr": false}}, "msg": ""}
ok: [master01] => (item={'changed': False, 'stat': {'exists': True, 'path': '/var/lib/lxc/sup01.4jane-dev.local/.configured', 'mode': '0644', 'isdir': False, 'ischr': False, 'isblk': False, 'isreg': True, 'isfifo': False, 'islnk': False, 'issock': False, 'uid': 0, 'gid': 0, 'size': 0, 'inode': 664440, 'dev': 2049, 'nlink': 1, 'atime': 1634817861.4216406, 'mtime': 1634817709.92492, 'ctime': 1634817709.92492, 'wusr': True, 'rusr': True, 'xusr': False, 'wgrp': False, 'rgrp': True, 'xgrp': False, 'woth': False, 'roth': True, 'xoth': False, 'isuid': False, 'isgid': False, 'blocks': 0, 'block_size': 4096, 'device_type': 0, 'readable': True, 'writeable': True, 'executable': False, 'pw_name': 'root', 'gr_name': 'root', 'checksum': 'da39a3ee5e6b4b0d3255bfef95601890afd80709', 'mimetype': 'inode/x-empty', 'charset': 'binary', 'version': '1186419840', 'attributes': ['extents'], 'attr_flags': 'e'}, 'invocation': {'module_args': {'path': '/var/lib/lxc/sup01.4jane-dev.local/.configured', 'follow': False, 'get_md5': False, 'get_checksum': True, 'get_mime': True, 'get_attributes': True, 'checksum_algorithm': 'sha1'}}, 'failed': False, 'item': 'supnode01', 'ansible_loop_var': 'item'}) => {"ansible_loop_var": "item", "backup": "", "changed": false, "item": {"ansible_loop_var": "item", "changed": false, "failed": false, "invocation": {"module_args": {"checksum_algorithm": "sha1", "follow": false, "get_attributes": true, "get_checksum": true, "get_md5": false, "get_mime": true, "path": "/var/lib/lxc/sup01.4jane-dev.local/.configured"}}, "item": "supnode01", "stat": {"atime": 1634817861.4216406, "attr_flags": "e", "attributes": ["extents"], "block_size": 4096, "blocks": 0, "charset": "binary", "checksum": "da39a3ee5e6b4b0d3255bfef95601890afd80709", "ctime": 1634817709.92492, "dev": 2049, "device_type": 0, "executable": false, "exists": true, "gid": 0, "gr_name": "root", "inode": 664440, "isblk": false, "ischr": false, "isdir": false, "isfifo": false, "isgid": false, "islnk": false, "isreg": true, "issock": false, "isuid": false, "mimetype": "inode/x-empty", "mode": "0644", "mtime": 1634817709.92492, "nlink": 1, "path": "/var/lib/lxc/sup01.4jane-dev.local/.configured", "pw_name": "root", "readable": true, "rgrp": true, "roth": true, "rusr": true, "size": 0, "uid": 0, "version": "1186419840", "wgrp": false, "woth": false, "writeable": true, "wusr": true, "xgrp": false, "xoth": false, "xusr": false}}, "msg": ""}

TASK [master : Configure start delay for containers] ***************************
task path: /home/dc/ansible-zencash-nodes/roles/master/tasks/lxc.yml:98
ok: [master01] => (item={'changed': False, 'stat': {'exists': True, 'path': '/var/lib/lxc/sec29.4jane-dev.local/.configured', 'mode': '0644', 'isdir': False, 'ischr': False, 'isblk': False, 'isreg': True, 'isfifo': False, 'islnk': False, 'issock': False, 'uid': 0, 'gid': 0, 'size': 0, 'inode': 662992, 'dev': 2049, 'nlink': 1, 'atime': 1634817861.1496394, 'mtime': 1634817709.6369188, 'ctime': 1634817709.6369188, 'wusr': True, 'rusr': True, 'xusr': False, 'wgrp': False, 'rgrp': True, 'xgrp': False, 'woth': False, 'roth': True, 'xoth': False, 'isuid': False, 'isgid': False, 'blocks': 0, 'block_size': 4096, 'device_type': 0, 'readable': True, 'writeable': True, 'executable': False, 'pw_name': 'root', 'gr_name': 'root', 'checksum': 'da39a3ee5e6b4b0d3255bfef95601890afd80709', 'mimetype': 'inode/x-empty', 'charset': 'binary', 'version': '2812656824', 'attributes': ['extents'], 'attr_flags': 'e'}, 'invocation': {'module_args': {'path': '/var/lib/lxc/sec29.4jane-dev.local/.configured', 'follow': False, 'get_md5': False, 'get_checksum': True, 'get_mime': True, 'get_attributes': True, 'checksum_algorithm': 'sha1'}}, 'failed': False, 'item': 'secnode29', 'ansible_loop_var': 'item'}) => {"ansible_loop_var": "item", "backup": "", "changed": false, "item": {"ansible_loop_var": "item", "changed": false, "failed": false, "invocation": {"module_args": {"checksum_algorithm": "sha1", "follow": false, "get_attributes": true, "get_checksum": true, "get_md5": false, "get_mime": true, "path": "/var/lib/lxc/sec29.4jane-dev.local/.configured"}}, "item": "secnode29", "stat": {"atime": 1634817861.1496394, "attr_flags": "e", "attributes": ["extents"], "block_size": 4096, "blocks": 0, "charset": "binary", "checksum": "da39a3ee5e6b4b0d3255bfef95601890afd80709", "ctime": 1634817709.6369188, "dev": 2049, "device_type": 0, "executable": false, "exists": true, "gid": 0, "gr_name": "root", "inode": 662992, "isblk": false, "ischr": false, "isdir": false, "isfifo": false, "isgid": false, "islnk": false, "isreg": true, "issock": false, "isuid": false, "mimetype": "inode/x-empty", "mode": "0644", "mtime": 1634817709.6369188, "nlink": 1, "path": "/var/lib/lxc/sec29.4jane-dev.local/.configured", "pw_name": "root", "readable": true, "rgrp": true, "roth": true, "rusr": true, "size": 0, "uid": 0, "version": "2812656824", "wgrp": false, "woth": false, "writeable": true, "wusr": true, "xgrp": false, "xoth": false, "xusr": false}}, "msg": ""}
ok: [master01] => (item={'changed': False, 'stat': {'exists': True, 'path': '/var/lib/lxc/sup01.4jane-dev.local/.configured', 'mode': '0644', 'isdir': False, 'ischr': False, 'isblk': False, 'isreg': True, 'isfifo': False, 'islnk': False, 'issock': False, 'uid': 0, 'gid': 0, 'size': 0, 'inode': 664440, 'dev': 2049, 'nlink': 1, 'atime': 1634817861.4216406, 'mtime': 1634817709.92492, 'ctime': 1634817709.92492, 'wusr': True, 'rusr': True, 'xusr': False, 'wgrp': False, 'rgrp': True, 'xgrp': False, 'woth': False, 'roth': True, 'xoth': False, 'isuid': False, 'isgid': False, 'blocks': 0, 'block_size': 4096, 'device_type': 0, 'readable': True, 'writeable': True, 'executable': False, 'pw_name': 'root', 'gr_name': 'root', 'checksum': 'da39a3ee5e6b4b0d3255bfef95601890afd80709', 'mimetype': 'inode/x-empty', 'charset': 'binary', 'version': '1186419840', 'attributes': ['extents'], 'attr_flags': 'e'}, 'invocation': {'module_args': {'path': '/var/lib/lxc/sup01.4jane-dev.local/.configured', 'follow': False, 'get_md5': False, 'get_checksum': True, 'get_mime': True, 'get_attributes': True, 'checksum_algorithm': 'sha1'}}, 'failed': False, 'item': 'supnode01', 'ansible_loop_var': 'item'}) => {"ansible_loop_var": "item", "backup": "", "changed": false, "item": {"ansible_loop_var": "item", "changed": false, "failed": false, "invocation": {"module_args": {"checksum_algorithm": "sha1", "follow": false, "get_attributes": true, "get_checksum": true, "get_md5": false, "get_mime": true, "path": "/var/lib/lxc/sup01.4jane-dev.local/.configured"}}, "item": "supnode01", "stat": {"atime": 1634817861.4216406, "attr_flags": "e", "attributes": ["extents"], "block_size": 4096, "blocks": 0, "charset": "binary", "checksum": "da39a3ee5e6b4b0d3255bfef95601890afd80709", "ctime": 1634817709.92492, "dev": 2049, "device_type": 0, "executable": false, "exists": true, "gid": 0, "gr_name": "root", "inode": 664440, "isblk": false, "ischr": false, "isdir": false, "isfifo": false, "isgid": false, "islnk": false, "isreg": true, "issock": false, "isuid": false, "mimetype": "inode/x-empty", "mode": "0644", "mtime": 1634817709.92492, "nlink": 1, "path": "/var/lib/lxc/sup01.4jane-dev.local/.configured", "pw_name": "root", "readable": true, "rgrp": true, "roth": true, "rusr": true, "size": 0, "uid": 0, "version": "1186419840", "wgrp": false, "woth": false, "writeable": true, "wusr": true, "xgrp": false, "xoth": false, "xusr": false}}, "msg": ""}

TASK [master : include_tasks] **************************************************
task path: /home/dc/ansible-zencash-nodes/roles/master/tasks/main.yml:16
included: /home/dc/ansible-zencash-nodes/roles/master/tasks/blockchain.yml for master01

TASK [master : Create zen folder] **********************************************
task path: /home/dc/ansible-zencash-nodes/roles/master/tasks/blockchain.yml:2
skipping: [master01] => (item={'changed': False, 'stat': {'exists': True, 'path': '/var/lib/lxc/sec29.4jane-dev.local/.configured', 'mode': '0644', 'isdir': False, 'ischr': False, 'isblk': False, 'isreg': True, 'isfifo': False, 'islnk': False, 'issock': False, 'uid': 0, 'gid': 0, 'size': 0, 'inode': 662992, 'dev': 2049, 'nlink': 1, 'atime': 1634817861.1496394, 'mtime': 1634817709.6369188, 'ctime': 1634817709.6369188, 'wusr': True, 'rusr': True, 'xusr': False, 'wgrp': False, 'rgrp': True, 'xgrp': False, 'woth': False, 'roth': True, 'xoth': False, 'isuid': False, 'isgid': False, 'blocks': 0, 'block_size': 4096, 'device_type': 0, 'readable': True, 'writeable': True, 'executable': False, 'pw_name': 'root', 'gr_name': 'root', 'checksum': 'da39a3ee5e6b4b0d3255bfef95601890afd80709', 'mimetype': 'inode/x-empty', 'charset': 'binary', 'version': '2812656824', 'attributes': ['extents'], 'attr_flags': 'e'}, 'invocation': {'module_args': {'path': '/var/lib/lxc/sec29.4jane-dev.local/.configured', 'follow': False, 'get_md5': False, 'get_checksum': True, 'get_mime': True, 'get_attributes': True, 'checksum_algorithm': 'sha1'}}, 'failed': False, 'item': 'secnode29', 'ansible_loop_var': 'item'})  => {"ansible_loop_var": "item", "changed": false, "item": {"ansible_loop_var": "item", "changed": false, "failed": false, "invocation": {"module_args": {"checksum_algorithm": "sha1", "follow": false, "get_attributes": true, "get_checksum": true, "get_md5": false, "get_mime": true, "path": "/var/lib/lxc/sec29.4jane-dev.local/.configured"}}, "item": "secnode29", "stat": {"atime": 1634817861.1496394, "attr_flags": "e", "attributes": ["extents"], "block_size": 4096, "blocks": 0, "charset": "binary", "checksum": "da39a3ee5e6b4b0d3255bfef95601890afd80709", "ctime": 1634817709.6369188, "dev": 2049, "device_type": 0, "executable": false, "exists": true, "gid": 0, "gr_name": "root", "inode": 662992, "isblk": false, "ischr": false, "isdir": false, "isfifo": false, "isgid": false, "islnk": false, "isreg": true, "issock": false, "isuid": false, "mimetype": "inode/x-empty", "mode": "0644", "mtime": 1634817709.6369188, "nlink": 1, "path": "/var/lib/lxc/sec29.4jane-dev.local/.configured", "pw_name": "root", "readable": true, "rgrp": true, "roth": true, "rusr": true, "size": 0, "uid": 0, "version": "2812656824", "wgrp": false, "woth": false, "writeable": true, "wusr": true, "xgrp": false, "xoth": false, "xusr": false}}, "skip_reason": "Conditional result was False"}
skipping: [master01] => (item={'changed': False, 'stat': {'exists': True, 'path': '/var/lib/lxc/sup01.4jane-dev.local/.configured', 'mode': '0644', 'isdir': False, 'ischr': False, 'isblk': False, 'isreg': True, 'isfifo': False, 'islnk': False, 'issock': False, 'uid': 0, 'gid': 0, 'size': 0, 'inode': 664440, 'dev': 2049, 'nlink': 1, 'atime': 1634817861.4216406, 'mtime': 1634817709.92492, 'ctime': 1634817709.92492, 'wusr': True, 'rusr': True, 'xusr': False, 'wgrp': False, 'rgrp': True, 'xgrp': False, 'woth': False, 'roth': True, 'xoth': False, 'isuid': False, 'isgid': False, 'blocks': 0, 'block_size': 4096, 'device_type': 0, 'readable': True, 'writeable': True, 'executable': False, 'pw_name': 'root', 'gr_name': 'root', 'checksum': 'da39a3ee5e6b4b0d3255bfef95601890afd80709', 'mimetype': 'inode/x-empty', 'charset': 'binary', 'version': '1186419840', 'attributes': ['extents'], 'attr_flags': 'e'}, 'invocation': {'module_args': {'path': '/var/lib/lxc/sup01.4jane-dev.local/.configured', 'follow': False, 'get_md5': False, 'get_checksum': True, 'get_mime': True, 'get_attributes': True, 'checksum_algorithm': 'sha1'}}, 'failed': False, 'item': 'supnode01', 'ansible_loop_var': 'item'})  => {"ansible_loop_var": "item", "changed": false, "item": {"ansible_loop_var": "item", "changed": false, "failed": false, "invocation": {"module_args": {"checksum_algorithm": "sha1", "follow": false, "get_attributes": true, "get_checksum": true, "get_md5": false, "get_mime": true, "path": "/var/lib/lxc/sup01.4jane-dev.local/.configured"}}, "item": "supnode01", "stat": {"atime": 1634817861.4216406, "attr_flags": "e", "attributes": ["extents"], "block_size": 4096, "blocks": 0, "charset": "binary", "checksum": "da39a3ee5e6b4b0d3255bfef95601890afd80709", "ctime": 1634817709.92492, "dev": 2049, "device_type": 0, "executable": false, "exists": true, "gid": 0, "gr_name": "root", "inode": 664440, "isblk": false, "ischr": false, "isdir": false, "isfifo": false, "isgid": false, "islnk": false, "isreg": true, "issock": false, "isuid": false, "mimetype": "inode/x-empty", "mode": "0644", "mtime": 1634817709.92492, "nlink": 1, "path": "/var/lib/lxc/sup01.4jane-dev.local/.configured", "pw_name": "root", "readable": true, "rgrp": true, "roth": true, "rusr": true, "size": 0, "uid": 0, "version": "1186419840", "wgrp": false, "woth": false, "writeable": true, "wusr": true, "xgrp": false, "xoth": false, "xusr": false}}, "skip_reason": "Conditional result was False"}

TASK [master : Copy blockchain blocks] *****************************************
task path: /home/dc/ansible-zencash-nodes/roles/master/tasks/blockchain.yml:9
skipping: [master01] => (item={'changed': False, 'stat': {'exists': True, 'path': '/var/lib/lxc/sec29.4jane-dev.local/.configured', 'mode': '0644', 'isdir': False, 'ischr': False, 'isblk': False, 'isreg': True, 'isfifo': False, 'islnk': False, 'issock': False, 'uid': 0, 'gid': 0, 'size': 0, 'inode': 662992, 'dev': 2049, 'nlink': 1, 'atime': 1634817861.1496394, 'mtime': 1634817709.6369188, 'ctime': 1634817709.6369188, 'wusr': True, 'rusr': True, 'xusr': False, 'wgrp': False, 'rgrp': True, 'xgrp': False, 'woth': False, 'roth': True, 'xoth': False, 'isuid': False, 'isgid': False, 'blocks': 0, 'block_size': 4096, 'device_type': 0, 'readable': True, 'writeable': True, 'executable': False, 'pw_name': 'root', 'gr_name': 'root', 'checksum': 'da39a3ee5e6b4b0d3255bfef95601890afd80709', 'mimetype': 'inode/x-empty', 'charset': 'binary', 'version': '2812656824', 'attributes': ['extents'], 'attr_flags': 'e'}, 'invocation': {'module_args': {'path': '/var/lib/lxc/sec29.4jane-dev.local/.configured', 'follow': False, 'get_md5': False, 'get_checksum': True, 'get_mime': True, 'get_attributes': True, 'checksum_algorithm': 'sha1'}}, 'failed': False, 'item': 'secnode29', 'ansible_loop_var': 'item'})  => {"ansible_loop_var": "item", "changed": false, "item": {"ansible_loop_var": "item", "changed": false, "failed": false, "invocation": {"module_args": {"checksum_algorithm": "sha1", "follow": false, "get_attributes": true, "get_checksum": true, "get_md5": false, "get_mime": true, "path": "/var/lib/lxc/sec29.4jane-dev.local/.configured"}}, "item": "secnode29", "stat": {"atime": 1634817861.1496394, "attr_flags": "e", "attributes": ["extents"], "block_size": 4096, "blocks": 0, "charset": "binary", "checksum": "da39a3ee5e6b4b0d3255bfef95601890afd80709", "ctime": 1634817709.6369188, "dev": 2049, "device_type": 0, "executable": false, "exists": true, "gid": 0, "gr_name": "root", "inode": 662992, "isblk": false, "ischr": false, "isdir": false, "isfifo": false, "isgid": false, "islnk": false, "isreg": true, "issock": false, "isuid": false, "mimetype": "inode/x-empty", "mode": "0644", "mtime": 1634817709.6369188, "nlink": 1, "path": "/var/lib/lxc/sec29.4jane-dev.local/.configured", "pw_name": "root", "readable": true, "rgrp": true, "roth": true, "rusr": true, "size": 0, "uid": 0, "version": "2812656824", "wgrp": false, "woth": false, "writeable": true, "wusr": true, "xgrp": false, "xoth": false, "xusr": false}}, "skip_reason": "Conditional result was False"}
skipping: [master01] => (item={'changed': False, 'stat': {'exists': True, 'path': '/var/lib/lxc/sup01.4jane-dev.local/.configured', 'mode': '0644', 'isdir': False, 'ischr': False, 'isblk': False, 'isreg': True, 'isfifo': False, 'islnk': False, 'issock': False, 'uid': 0, 'gid': 0, 'size': 0, 'inode': 664440, 'dev': 2049, 'nlink': 1, 'atime': 1634817861.4216406, 'mtime': 1634817709.92492, 'ctime': 1634817709.92492, 'wusr': True, 'rusr': True, 'xusr': False, 'wgrp': False, 'rgrp': True, 'xgrp': False, 'woth': False, 'roth': True, 'xoth': False, 'isuid': False, 'isgid': False, 'blocks': 0, 'block_size': 4096, 'device_type': 0, 'readable': True, 'writeable': True, 'executable': False, 'pw_name': 'root', 'gr_name': 'root', 'checksum': 'da39a3ee5e6b4b0d3255bfef95601890afd80709', 'mimetype': 'inode/x-empty', 'charset': 'binary', 'version': '1186419840', 'attributes': ['extents'], 'attr_flags': 'e'}, 'invocation': {'module_args': {'path': '/var/lib/lxc/sup01.4jane-dev.local/.configured', 'follow': False, 'get_md5': False, 'get_checksum': True, 'get_mime': True, 'get_attributes': True, 'checksum_algorithm': 'sha1'}}, 'failed': False, 'item': 'supnode01', 'ansible_loop_var': 'item'})  => {"ansible_loop_var": "item", "changed": false, "item": {"ansible_loop_var": "item", "changed": false, "failed": false, "invocation": {"module_args": {"checksum_algorithm": "sha1", "follow": false, "get_attributes": true, "get_checksum": true, "get_md5": false, "get_mime": true, "path": "/var/lib/lxc/sup01.4jane-dev.local/.configured"}}, "item": "supnode01", "stat": {"atime": 1634817861.4216406, "attr_flags": "e", "attributes": ["extents"], "block_size": 4096, "blocks": 0, "charset": "binary", "checksum": "da39a3ee5e6b4b0d3255bfef95601890afd80709", "ctime": 1634817709.92492, "dev": 2049, "device_type": 0, "executable": false, "exists": true, "gid": 0, "gr_name": "root", "inode": 664440, "isblk": false, "ischr": false, "isdir": false, "isfifo": false, "isgid": false, "islnk": false, "isreg": true, "issock": false, "isuid": false, "mimetype": "inode/x-empty", "mode": "0644", "mtime": 1634817709.92492, "nlink": 1, "path": "/var/lib/lxc/sup01.4jane-dev.local/.configured", "pw_name": "root", "readable": true, "rgrp": true, "roth": true, "rusr": true, "size": 0, "uid": 0, "version": "1186419840", "wgrp": false, "woth": false, "writeable": true, "wusr": true, "xgrp": false, "xoth": false, "xusr": false}}, "skip_reason": "Conditional result was False"}
META: role_complete for master01
META: ran handlers
META: ran handlers

PLAY [securenodes,supernodes] **************************************************

TASK [Gathering Facts] *********************************************************
task path: /home/dc/ansible-zencash-nodes/nodes.yml:6
ok: [secnode29]
fatal: [supnode01]: UNREACHABLE! => {"changed": false, "msg": "Failed to connect to the host via ssh: ssh: connect to host 2601:281:8300:eb1b::11 port 22: No route to host", "unreachable": true}
META: ran handlers

TASK [nodes : include_tasks] ***************************************************
task path: /home/dc/ansible-zencash-nodes/roles/nodes/tasks/main.yml:2
included: /home/dc/ansible-zencash-nodes/roles/nodes/tasks/gather-vars.yml for secnode29

TASK [nodes : Check for config file] *******************************************
task path: /home/dc/ansible-zencash-nodes/roles/nodes/tasks/gather-vars.yml:3
ok: [secnode29] => {"changed": false, "stat": {"exists": false}}

TASK [nodes : Gather nodeid] ***************************************************
task path: /home/dc/ansible-zencash-nodes/roles/nodes/tasks/gather-vars.yml:8
skipping: [secnode29] => {"changed": false, "skip_reason": "Conditional result was False"}

TASK [nodes : Set nodeid] ******************************************************
task path: /home/dc/ansible-zencash-nodes/roles/nodes/tasks/gather-vars.yml:13
skipping: [secnode29] => {"changed": false, "skip_reason": "Conditional result was False"}

TASK [nodes : Set nodeid] ******************************************************
task path: /home/dc/ansible-zencash-nodes/roles/nodes/tasks/gather-vars.yml:18
ok: [secnode29] => {"ansible_facts": {"nodeid": "null"}, "changed": false}

TASK [nodes : Gather home] *****************************************************
task path: /home/dc/ansible-zencash-nodes/roles/nodes/tasks/gather-vars.yml:24
skipping: [secnode29] => {"changed": false, "skip_reason": "Conditional result was False"}

TASK [nodes : Set home] ********************************************************
task path: /home/dc/ansible-zencash-nodes/roles/nodes/tasks/gather-vars.yml:29
skipping: [secnode29] => {"changed": false, "skip_reason": "Conditional result was False"}

TASK [nodes : Set home] ********************************************************
task path: /home/dc/ansible-zencash-nodes/roles/nodes/tasks/gather-vars.yml:34
ok: [secnode29] => {"ansible_facts": {"home": "ts4.na"}, "changed": false}

TASK [nodes : Check for previously generated username] *************************
task path: /home/dc/ansible-zencash-nodes/roles/nodes/tasks/gather-vars.yml:40
ok: [secnode29] => {"changed": false, "stat": {"atime": 1634817866.7256668, "attr_flags": "e", "attributes": ["extents"], "block_size": 4096, "blocks": 8, "charset": "unknown", "checksum": "fc2807ea908ba9c26f36db8e4145afcd1ca564b8", "ctime": 1634817719.080962, "dev": 2049, "device_type": 0, "executable": false, "exists": true, "gid": 1000, "gr_name": "zend", "inode": 1066954, "isblk": false, "ischr": false, "isdir": false, "isfifo": false, "isgid": false, "islnk": false, "isreg": true, "issock": false, "isuid": false, "mimetype": "unknown", "mode": "0644", "mtime": 1634817716.012948, "nlink": 1, "path": "/home/zend/.zen/.username", "pw_name": "zend", "readable": true, "rgrp": true, "roth": true, "rusr": true, "size": 15, "uid": 1000, "version": "2972506433", "wgrp": false, "woth": false, "writeable": true, "wusr": true, "xgrp": false, "xoth": false, "xusr": false}}

TASK [nodes : Generate username] ***********************************************
task path: /home/dc/ansible-zencash-nodes/roles/nodes/tasks/gather-vars.yml:45
skipping: [secnode29] => {"changed": false, "skip_reason": "Conditional result was False"}

TASK [nodes : Create username check file] **************************************
task path: /home/dc/ansible-zencash-nodes/roles/nodes/tasks/gather-vars.yml:50
skipping: [secnode29] => {"changed": false, "skip_reason": "Conditional result was False"}

TASK [nodes : Gather username] *************************************************
task path: /home/dc/ansible-zencash-nodes/roles/nodes/tasks/gather-vars.yml:56
ok: [secnode29] => {"changed": false, "content": "c0FYa29XQ0xyYUxHUmJM", "encoding": "base64", "source": "/home/zend/.zen/.username"}

TASK [nodes : Set username] ****************************************************
task path: /home/dc/ansible-zencash-nodes/roles/nodes/tasks/gather-vars.yml:62
ok: [secnode29] => {"ansible_facts": {"username": "sAXkoWCLraLGRbL"}, "changed": false}

TASK [nodes : Check for previously generated password] *************************
task path: /home/dc/ansible-zencash-nodes/roles/nodes/tasks/gather-vars.yml:68
ok: [secnode29] => {"changed": false, "stat": {"atime": 1634817867.4776707, "attr_flags": "e", "attributes": ["extents"], "block_size": 4096, "blocks": 8, "charset": "unknown", "checksum": "ed1ca6d5a3dd127c9f5c10b77832068caaab95e3", "ctime": 1634817719.080962, "dev": 2049, "device_type": 0, "executable": false, "exists": true, "gid": 1000, "gr_name": "zend", "inode": 1066955, "isblk": false, "ischr": false, "isdir": false, "isfifo": false, "isgid": false, "islnk": false, "isreg": true, "issock": false, "isuid": false, "mimetype": "unknown", "mode": "0644", "mtime": 1634817717.0569527, "nlink": 1, "path": "/home/zend/.zen/.password", "pw_name": "zend", "readable": true, "rgrp": true, "roth": true, "rusr": true, "size": 15, "uid": 1000, "version": "1522786274", "wgrp": false, "woth": false, "writeable": true, "wusr": true, "xgrp": false, "xoth": false, "xusr": false}}

TASK [nodes : Generate password] ***********************************************
task path: /home/dc/ansible-zencash-nodes/roles/nodes/tasks/gather-vars.yml:73
skipping: [secnode29] => {"changed": false, "skip_reason": "Conditional result was False"}

TASK [nodes : Create password check file] **************************************
task path: /home/dc/ansible-zencash-nodes/roles/nodes/tasks/gather-vars.yml:78
skipping: [secnode29] => {"changed": false, "skip_reason": "Conditional result was False"}

TASK [nodes : Gather password] *************************************************
task path: /home/dc/ansible-zencash-nodes/roles/nodes/tasks/gather-vars.yml:84
ok: [secnode29] => {"changed": false, "content": "RENVV0JJRHlCYkVDbXZI", "encoding": "base64", "source": "/home/zend/.zen/.password"}

TASK [nodes : Set password] ****************************************************
task path: /home/dc/ansible-zencash-nodes/roles/nodes/tasks/gather-vars.yml:90
ok: [secnode29] => {"ansible_facts": {"password": "DCUWBIDyBbECmvH"}, "changed": false}

TASK [nodes : include_tasks] ***************************************************
task path: /home/dc/ansible-zencash-nodes/roles/nodes/tasks/main.yml:4
included: /home/dc/ansible-zencash-nodes/roles/nodes/tasks/ssh.yml for secnode29

TASK [nodes : Disable ssh server] **********************************************
task path: /home/dc/ansible-zencash-nodes/roles/nodes/tasks/ssh.yml:2
ok: [secnode29] => {"changed": false, "enabled": false, "name": "ssh", "status": {"ActiveEnterTimestamp": "Thu 2021-10-21 11:58:40 UTC", "ActiveEnterTimestampMonotonic": "31860848480", "ActiveExitTimestampMonotonic": "0", "ActiveState": "active", "After": "network.target sysinit.target system.slice -.mount systemd-journald.socket auditd.service basic.target", "AllowIsolate": "no", "AllowedCPUs": "", "AllowedMemoryNodes": "", "AmbientCapabilities": "", "AssertResult": "yes", "AssertTimestamp": "Thu 2021-10-21 11:58:40 UTC", "AssertTimestampMonotonic": "31860827485", "Before": "shutdown.target", "BlockIOAccounting": "no", "BlockIOWeight": "[not set]", "CPUAccounting": "yes", "CPUAffinity": "", "CPUAffinityFromNUMA": "no", "CPUQuotaPerSecUSec": "infinity", "CPUQuotaPeriodUSec": "infinity", "CPUSchedulingPolicy": "0", "CPUSchedulingPriority": "0", "CPUSchedulingResetOnFork": "no", "CPUShares": "[not set]", "CPUUsageNSec": "30533696000", "CPUWeight": "[not set]", "CacheDirectoryMode": "0755", "CanClean": "runtime", "CanFreeze": "yes", "CanIsolate": "no", "CanReload": "yes", "CanStart": "yes", "CanStop": "yes", "CapabilityBoundingSet": "cap_chown cap_dac_override cap_dac_read_search cap_fowner cap_fsetid cap_kill cap_setgid cap_setuid cap_setpcap cap_linux_immutable cap_net_bind_service cap_net_broadcast cap_net_admin cap_net_raw cap_ipc_lock cap_ipc_owner cap_sys_module cap_sys_rawio cap_sys_chroot cap_sys_ptrace cap_sys_pacct cap_sys_admin cap_sys_boot cap_sys_nice cap_sys_resource cap_sys_time cap_sys_tty_config cap_mknod cap_lease cap_audit_write cap_audit_control cap_setfcap cap_mac_override cap_mac_admin cap_syslog cap_wake_alarm cap_block_suspend cap_audit_read cap_perfmon cap_bpf cap_checkpoint_restore", "CleanResult": "success", "CollectMode": "inactive", "ConditionResult": "yes", "ConditionTimestamp": "Thu 2021-10-21 11:58:40 UTC", "ConditionTimestampMonotonic": "31860827470", "ConfigurationDirectoryMode": "0755", "Conflicts": "shutdown.target", "ControlGroup": "/system.slice/ssh.service", "ControlPID": "0", "CoredumpFilter": "0x33", "DefaultDependencies": "yes", "DefaultMemoryLow": "0", "DefaultMemoryMin": "0", "Delegate": "no", "Description": "OpenBSD Secure Shell server", "DevicePolicy": "auto", "Documentation": "\"man:sshd(8)\" \"man:sshd_config(5)\"", "DynamicUser": "no", "EffectiveCPUs": "", "EffectiveMemoryNodes": "", "EnvironmentFiles": "/etc/default/ssh (ignore_errors=yes)", "ExecMainCode": "0", "ExecMainExitTimestampMonotonic": "0", "ExecMainPID": "112", "ExecMainStartTimestamp": "Thu 2021-10-21 11:58:40 UTC", "ExecMainStartTimestampMonotonic": "31860839125", "ExecMainStatus": "0", "ExecReload": "{ path=/bin/kill ; argv[]=/bin/kill -HUP $MAINPID ; ignore_errors=no ; start_time=[n/a] ; stop_time=[n/a] ; pid=0 ; code=(null) ; status=0/0 }", "ExecReloadEx": "{ path=/bin/kill ; argv[]=/bin/kill -HUP $MAINPID ; flags= ; start_time=[n/a] ; stop_time=[n/a] ; pid=0 ; code=(null) ; status=0/0 }", "ExecStart": "{ path=/usr/sbin/sshd ; argv[]=/usr/sbin/sshd -D $SSHD_OPTS ; ignore_errors=no ; start_time=[n/a] ; stop_time=[n/a] ; pid=0 ; code=(null) ; status=0/0 }", "ExecStartEx": "{ path=/usr/sbin/sshd ; argv[]=/usr/sbin/sshd -D $SSHD_OPTS ; flags= ; start_time=[n/a] ; stop_time=[n/a] ; pid=0 ; code=(null) ; status=0/0 }", "ExecStartPre": "{ path=/usr/sbin/sshd ; argv[]=/usr/sbin/sshd -t ; ignore_errors=no ; start_time=[n/a] ; stop_time=[n/a] ; pid=0 ; code=(null) ; status=0/0 }", "ExecStartPreEx": "{ path=/usr/sbin/sshd ; argv[]=/usr/sbin/sshd -t ; flags= ; start_time=[n/a] ; stop_time=[n/a] ; pid=0 ; code=(null) ; status=0/0 }", "FailureAction": "none", "FileDescriptorStoreMax": "0", "FinalKillSignal": "9", "FragmentPath": "/lib/systemd/system/ssh.service", "FreezerState": "running", "GID": "[not set]", "GuessMainPID": "yes", "IOAccounting": "no", "IOReadBytes": "18446744073709551615", "IOReadOperations": "18446744073709551615", "IOSchedulingClass": "0", "IOSchedulingPriority": "4", "IOWeight": "[not set]", "IOWriteBytes": "18446744073709551615", "IOWriteOperations": "18446744073709551615", "IPAccounting": "no", "IPEgressBytes": "[no data]", "IPEgressPackets": "[no data]", "IPIngressBytes": "[no data]", "IPIngressPackets": "[no data]", "Id": "ssh.service", "IgnoreOnIsolate": "no", "IgnoreSIGPIPE": "yes", "InactiveEnterTimestampMonotonic": "0", "InactiveExitTimestamp": "Thu 2021-10-21 11:58:40 UTC", "InactiveExitTimestampMonotonic": "31860828352", "InvocationID": "2d9d18d2339244a7a01fb45cc10a6237", "JobRunningTimeoutUSec": "infinity", "JobTimeoutAction": "none", "JobTimeoutUSec": "infinity", "KeyringMode": "private", "KillMode": "process", "KillSignal": "15", "LimitAS": "infinity", "LimitASSoft": "infinity", "LimitCORE": "infinity", "LimitCORESoft": "0", "LimitCPU": "infinity", "LimitCPUSoft": "infinity", "LimitDATA": "infinity", "LimitDATASoft": "infinity", "LimitFSIZE": "infinity", "LimitFSIZESoft": "infinity", "LimitLOCKS": "infinity", "LimitLOCKSSoft": "infinity", "LimitMEMLOCK": "2098195968", "LimitMEMLOCKSoft": "2098195968", "LimitMSGQUEUE": "819200", "LimitMSGQUEUESoft": "819200", "LimitNICE": "0", "LimitNICESoft": "0", "LimitNOFILE": "1048576", "LimitNOFILESoft": "1024", "LimitNPROC": "63904", "LimitNPROCSoft": "63904", "LimitRSS": "infinity", "LimitRSSSoft": "infinity", "LimitRTPRIO": "0", "LimitRTPRIOSoft": "0", "LimitRTTIME": "infinity", "LimitRTTIMESoft": "infinity", "LimitSIGPENDING": "63904", "LimitSIGPENDINGSoft": "63904", "LimitSTACK": "infinity", "LimitSTACKSoft": "8388608", "LoadState": "loaded", "LockPersonality": "no", "LogLevelMax": "-1", "LogRateLimitBurst": "0", "LogRateLimitIntervalUSec": "0", "LogsDirectoryMode": "0755", "MainPID": "112", "ManagedOOMMemoryPressure": "auto", "ManagedOOMMemoryPressureLimitPercent": "0%", "ManagedOOMSwap": "auto", "MemoryAccounting": "yes", "MemoryCurrent": "27136000", "MemoryDenyWriteExecute": "no", "MemoryHigh": "infinity", "MemoryLimit": "infinity", "MemoryLow": "0", "MemoryMax": "infinity", "MemoryMin": "0", "MemorySwapMax": "infinity", "MountAPIVFS": "no", "MountFlags": "", "NFileDescriptorStore": "0", "NRestarts": "0", "NUMAMask": "", "NUMAPolicy": "n/a", "Names": "ssh.service", "NeedDaemonReload": "no", "Nice": "0", "NoNewPrivileges": "no", "NonBlocking": "no", "NotifyAccess": "main", "OOMPolicy": "stop", "OOMScoreAdjust": "0", "OnFailureJobMode": "replace", "Perpetual": "no", "PrivateDevices": "no", "PrivateMounts": "no", "PrivateNetwork": "no", "PrivateTmp": "no", "PrivateUsers": "no", "ProcSubset": "all", "ProtectClock": "no", "ProtectControlGroups": "no", "ProtectHome": "no", "ProtectHostname": "no", "ProtectKernelLogs": "no", "ProtectKernelModules": "no", "ProtectKernelTunables": "no", "ProtectProc": "default", "ProtectSystem": "no", "RefuseManualStart": "no", "RefuseManualStop": "no", "ReloadResult": "success", "RemainAfterExit": "no", "RemoveIPC": "no", "Requires": "system.slice sysinit.target", "RequiresMountsFor": "/run/sshd", "Restart": "on-failure", "RestartKillSignal": "15", "RestartPreventExitStatus": "255", "RestartUSec": "100ms", "RestrictNamespaces": "no", "RestrictRealtime": "no", "RestrictSUIDSGID": "no", "Result": "success", "RootDirectoryStartOnly": "no", "RootHashSignature": "", "RuntimeDirectory": "sshd", "RuntimeDirectoryMode": "0755", "RuntimeDirectoryPreserve": "no", "RuntimeMaxUSec": "infinity", "SameProcessGroup": "no", "SecureBits": "0", "SendSIGHUP": "no", "SendSIGKILL": "yes", "Slice": "system.slice", "StandardError": "inherit", "StandardInput": "null", "StandardInputData": "", "StandardOutput": "journal", "StartLimitAction": "none", "StartLimitBurst": "5", "StartLimitIntervalUSec": "10s", "StartupBlockIOWeight": "[not set]", "StartupCPUShares": "[not set]", "StartupCPUWeight": "[not set]", "StartupIOWeight": "[not set]", "StateChangeTimestamp": "Thu 2021-10-21 11:58:40 UTC", "StateChangeTimestampMonotonic": "31860848480", "StateDirectoryMode": "0755", "StatusErrno": "0", "StopWhenUnneeded": "no", "SubState": "running", "SuccessAction": "none", "SyslogFacility": "3", "SyslogLevel": "6", "SyslogLevelPrefix": "yes", "SyslogPriority": "30", "SystemCallErrorNumber": "2147483646", "TTYReset": "no", "TTYVHangup": "no", "TTYVTDisallocate": "no", "TasksAccounting": "yes", "TasksCurrent": "5", "TasksMax": "19171", "TimeoutAbortUSec": "1min 30s", "TimeoutCleanUSec": "infinity", "TimeoutStartFailureMode": "terminate", "TimeoutStartUSec": "1min 30s", "TimeoutStopFailureMode": "terminate", "TimeoutStopUSec": "1min 30s", "TimerSlackNSec": "50000", "Transient": "no", "Type": "notify", "UID": "[not set]", "UMask": "0022", "UnitFilePreset": "enabled", "UnitFileState": "disabled", "UtmpMode": "init", "WatchdogSignal": "6", "WatchdogTimestampMonotonic": "0", "WatchdogUSec": "0"}}

TASK [nodes : include_tasks] ***************************************************
task path: /home/dc/ansible-zencash-nodes/roles/nodes/tasks/main.yml:6
included: /home/dc/ansible-zencash-nodes/roles/nodes/tasks/ssl.yml for secnode29

TASK [nodes : Create zend user] ************************************************
task path: /home/dc/ansible-zencash-nodes/roles/nodes/tasks/ssl.yml:2
ok: [secnode29] => {"append": false, "changed": false, "comment": "", "group": 1000, "home": "/home/zend", "move_home": false, "name": "zend", "shell": "/usr/sbin/nologin", "state": "present", "uid": 1000}

TASK [nodes : Set zend folder owner] *******************************************
task path: /home/dc/ansible-zencash-nodes/roles/nodes/tasks/ssl.yml:8
changed: [secnode29] => {"changed": true, "gid": 1000, "group": "zend", "mode": "0755", "owner": "zend", "path": "/home/zend", "size": 4096, "state": "directory", "uid": 1000}

TASK [nodes : Clone acme.sh] ***************************************************
task path: /home/dc/ansible-zencash-nodes/roles/nodes/tasks/ssl.yml:15
ok: [secnode29] => {"after": "5b0d6a13759987bada1715c17f014b60dfd3c358", "before": "5b0d6a13759987bada1715c17f014b60dfd3c358", "changed": false, "remote_url_changed": false}

TASK [nodes : Install acme.sh] *************************************************
task path: /home/dc/ansible-zencash-nodes/roles/nodes/tasks/ssl.yml:22
skipping: [secnode29] => {"changed": false, "skip_reason": "Conditional result was False"}

TASK [nodes : Register acme.sh account] ****************************************
task path: /home/dc/ansible-zencash-nodes/roles/nodes/tasks/ssl.yml:32
skipping: [secnode29] => {"changed": false, "skip_reason": "Conditional result was False"}

TASK [nodes : Allow acme.sh sudo] **********************************************
task path: /home/dc/ansible-zencash-nodes/roles/nodes/tasks/ssl.yml:39
ok: [secnode29] => {"backup": "", "changed": false, "msg": ""}

TASK [nodes : Check for certificate] *******************************************
task path: /home/dc/ansible-zencash-nodes/roles/nodes/tasks/ssl.yml:44
ok: [secnode29] => {"changed": false, "stat": {"exists": false}}

TASK [nodes : Get SSL certificate] *********************************************
task path: /home/dc/ansible-zencash-nodes/roles/nodes/tasks/ssl.yml:49
fatal: [secnode29]: FAILED! => {"changed": true, "cmd": "sudo /home/zend/.acme.sh/acme.sh --issue --standalone -d localhost --listen-v6 --reloadcmd 'sudo /bin/systemctl restart zend'", "delta": "0:00:04.253119", "end": "2021-10-21 12:32:54.241270", "msg": "non-zero return code", "rc": 1, "start": "2021-10-21 12:32:49.988151", "stderr": "[Thu 21 Oct 2021 12:32:54 PM UTC] Create new order error. Le_OrderFinalize not found. {\"type\":\"urn:ietf:params:acme:error:rejectedIdentifier\",\"status\":400,\"detail\":\"Invalid DNS identifier [localhost]\"}\n[Thu 21 Oct 2021 12:32:54 PM UTC] Please add '--debug' or '--log' to check more details.\n[Thu 21 Oct 2021 12:32:54 PM UTC] See: https://github.com/acmesh-official/acme.sh/wiki/How-to-debug-acme.sh", "stderr_lines": ["[Thu 21 Oct 2021 12:32:54 PM UTC] Create new order error. Le_OrderFinalize not found. {\"type\":\"urn:ietf:params:acme:error:rejectedIdentifier\",\"status\":400,\"detail\":\"Invalid DNS identifier [localhost]\"}", "[Thu 21 Oct 2021 12:32:54 PM UTC] Please add '--debug' or '--log' to check more details.", "[Thu 21 Oct 2021 12:32:54 PM UTC] See: https://github.com/acmesh-official/acme.sh/wiki/How-to-debug-acme.sh"], "stdout": "[Thu 21 Oct 2021 12:32:51 PM UTC] Using CA: https://acme.zerossl.com/v2/DV90\n[Thu 21 Oct 2021 12:32:51 PM UTC] Standalone mode.\n[Thu 21 Oct 2021 12:32:51 PM UTC] Single domain='localhost'\n[Thu 21 Oct 2021 12:32:51 PM UTC] Getting domain auth token for each domain", "stdout_lines": ["[Thu 21 Oct 2021 12:32:51 PM UTC] Using CA: https://acme.zerossl.com/v2/DV90", "[Thu 21 Oct 2021 12:32:51 PM UTC] Standalone mode.", "[Thu 21 Oct 2021 12:32:51 PM UTC] Single domain='localhost'", "[Thu 21 Oct 2021 12:32:51 PM UTC] Getting domain auth token for each domain"]}

PLAY RECAP *********************************************************************
master01                   : ok=31   changed=0    unreachable=0    failed=0    skipped=13   rescued=0    ignored=0   
secnode29                  : ok=19   changed=1    unreachable=0    failed=1    skipped=10   rescued=0    ignored=0   
supnode01                  : ok=0    changed=0    unreachable=1    failed=0    skipped=0    rescued=0    ignored=0   

